2018-02-27T16:27:00.004Z 1
2018-02-27T16:28:00.004Z 1
2018-02-27T16:29:00.008Z 1
2018-02-27T16:32:00.004Z 1
2018-02-27T16:33:00.004Z 1
2018-02-27T16:34:00.004Z 1
2018-02-27T16:35:00.008Z 1
2018-02-27T16:36:00.009Z 1
2018-02-27T16:37:00.013Z 1
2018-02-27T16:38:00.015Z 1
2018-02-27T16:39:00.016Z 1
2018-02-27T16:41:00.007Z 1
2018-02-27T16:42:00.007Z 0
2018-02-27T16:43:00.003Z 0
2018-02-27T16:44:00.004Z 0
2018-02-27T16:45:00.007Z 1
2018-02-27T16:46:00.004Z 1
2018-02-27T16:47:00.005Z 0
2018-02-27T16:48:00.007Z 0
2018-02-27T16:49:00.009Z 0
2018-02-27T16:50:00.011Z 0
2018-02-27T16:51:00.012Z 1
2018-02-27T16:52:00.014Z 1
2018-02-27T16:53:00.016Z 1
2018-02-27T16:57:00.003Z 0
2018-02-27T16:58:00.004Z 1
2018-02-27T16:59:00.005Z 0
2018-02-27T17:00:00.006Z 1
